2025-11-07T00:05:28.996+05:30  INFO 12092 --- [Pharmacy] [restartedMain] com.gn.pharmacy.PharmacyApplication      : Starting PharmacyApplication using Java 24.0.2 with PID 12092 (C:\Users\admim\Downloads\pharmacy-GN-backend-v1.1 (pranjal)\pharmacy-GN-backend-v1.1\target\classes started by admim in C:\Users\admim\Downloads\pharmacy-GN-backend-v1.1 (pranjal)\pharmacy-GN-backend-v1.1)
2025-11-07T00:05:29.017+05:30  INFO 12092 --- [Pharmacy] [restartedMain] com.gn.pharmacy.PharmacyApplication      : No active profile set, falling back to 1 default profile: "default"
2025-11-07T00:05:29.126+05:30  INFO 12092 --- [Pharmacy] [restartedMain] o.s.b.devtools.restart.ChangeableUrls    : The Class-Path manifest attribute in C:\Users\admim\.m2\repository\io\github\cdimascio\java-dotenv\5.2.2\java-dotenv-5.2.2.jar referenced one or more files that do not exist: file:/C:/Users/admim/.m2/repository/io/github/cdimascio/java-dotenv/5.2.2/kotlin-stdlib-1.4.0.jar,file:/C:/Users/admim/.m2/repository/io/github/cdimascio/java-dotenv/5.2.2/kotlin-stdlib-common-1.4.0.jar,file:/C:/Users/admim/.m2/repository/io/github/cdimascio/java-dotenv/5.2.2/annotations-13.0.jar
2025-11-07T00:05:29.127+05:30  INFO 12092 --- [Pharmacy] [restartedMain] .e.DevToolsPropertyDefaultsPostProcessor : Devtools property defaults active! Set 'spring.devtools.add-properties' to 'false' to disable
2025-11-07T00:05:29.127+05:30  INFO 12092 --- [Pharmacy] [restartedMain] .e.DevToolsPropertyDefaultsPostProcessor : For additional web related logging consider setting the 'logging.level.web' property to 'DEBUG'
2025-11-07T00:05:32.833+05:30  INFO 12092 --- [Pharmacy] [restartedMain] .s.d.r.c.RepositoryConfigurationDelegate : Bootstrapping Spring Data JPA repositories in DEFAULT mode.
2025-11-07T00:05:33.086+05:30  INFO 12092 --- [Pharmacy] [restartedMain] .s.d.r.c.RepositoryConfigurationDelegate : Finished Spring Data repository scanning in 229 ms. Found 15 JPA repository interfaces.
2025-11-07T00:05:34.966+05:30  INFO 12092 --- [Pharmacy] [restartedMain] o.s.b.w.embedded.tomcat.TomcatWebServer  : Tomcat initialized with port 8083 (http)
2025-11-07T00:05:35.012+05:30  INFO 12092 --- [Pharmacy] [restartedMain] o.apache.catalina.core.StandardService   : Starting service [Tomcat]
2025-11-07T00:05:35.014+05:30  INFO 12092 --- [Pharmacy] [restartedMain] o.apache.catalina.core.StandardEngine    : Starting Servlet engine: [Apache Tomcat/10.1.44]
2025-11-07T00:05:35.179+05:30  INFO 12092 --- [Pharmacy] [restartedMain] o.a.c.c.C.[Tomcat].[localhost].[/]       : Initializing Spring embedded WebApplicationContext
2025-11-07T00:05:35.205+05:30  INFO 12092 --- [Pharmacy] [restartedMain] w.s.c.ServletWebServerApplicationContext : Root WebApplicationContext: initialization completed in 6076 ms
2025-11-07T00:05:35.946+05:30  INFO 12092 --- [Pharmacy] [restartedMain] o.hibernate.jpa.internal.util.LogHelper  : HHH000204: Processing PersistenceUnitInfo [name: default]
2025-11-07T00:05:36.104+05:30  INFO 12092 --- [Pharmacy] [restartedMain] org.hibernate.Version                    : HHH000412: Hibernate ORM core version 6.6.26.Final
2025-11-07T00:05:36.189+05:30  INFO 12092 --- [Pharmacy] [restartedMain] o.h.c.internal.RegionFactoryInitiator    : HHH000026: Second-level cache disabled
2025-11-07T00:05:36.889+05:30  INFO 12092 --- [Pharmacy] [restartedMain] o.s.o.j.p.SpringPersistenceUnitInfo      : No LoadTimeWeaver setup: ignoring JPA class transformer
2025-11-07T00:05:36.949+05:30  INFO 12092 --- [Pharmacy] [restartedMain] com.zaxxer.hikari.HikariDataSource       : HikariPool-1 - Starting...
2025-11-07T00:05:37.282+05:30  INFO 12092 --- [Pharmacy] [restartedMain] com.zaxxer.hikari.pool.HikariPool        : HikariPool-1 - Added connection com.mysql.cj.jdbc.ConnectionImpl@2e97c5df
2025-11-07T00:05:37.284+05:30  INFO 12092 --- [Pharmacy] [restartedMain] com.zaxxer.hikari.HikariDataSource       : HikariPool-1 - Start completed.
2025-11-07T00:05:37.440+05:30  INFO 12092 --- [Pharmacy] [restartedMain] org.hibernate.orm.connections.pooling    : HHH10001005: Database info:
	Database JDBC URL [Connecting through datasource 'HikariDataSource (HikariPool-1)']
	Database driver: undefined/unknown
	Database version: 8.0.41
	Autocommit mode: undefined/unknown
	Isolation level: undefined/unknown
	Minimum pool size: undefined/unknown
	Maximum pool size: undefined/unknown
2025-11-07T00:05:42.000+05:30  INFO 12092 --- [Pharmacy] [restartedMain] o.h.e.t.j.p.i.JtaPlatformInitiator       : HHH000489: No JTA platform available (set 'hibernate.transaction.jta.platform' to enable JTA platform integration)
2025-11-07T00:05:42.751+05:30  INFO 12092 --- [Pharmacy] [restartedMain] j.LocalContainerEntityManagerFactoryBean : Initialized JPA EntityManagerFactory for persistence unit 'default'
2025-11-07T00:05:44.171+05:30  INFO 12092 --- [Pharmacy] [restartedMain] o.s.d.j.r.query.QueryEnhancerFactory     : Hibernate is in classpath; If applicable, HQL parser will be used.
2025-11-07T00:05:47.449+05:30  WARN 12092 --- [Pharmacy] [restartedMain] JpaBaseConfiguration$JpaWebConfiguration : spring.jpa.open-in-view is enabled by default. Therefore, database queries may be performed during view rendering. Explicitly configure spring.jpa.open-in-view to disable this warning
2025-11-07T00:05:47.930+05:30 DEBUG 12092 --- [Pharmacy] [restartedMain] s.w.s.m.m.a.RequestMappingHandlerMapping : 104 mappings in 'requestMappingHandlerMapping'
2025-11-07T00:05:48.187+05:30 DEBUG 12092 --- [Pharmacy] [restartedMain] o.s.w.s.handler.SimpleUrlHandlerMapping  : Patterns [/webjars/**, /**] in 'resourceHandlerMapping'
2025-11-07T00:05:48.253+05:30 DEBUG 12092 --- [Pharmacy] [restartedMain] s.w.s.m.m.a.RequestMappingHandlerAdapter : ControllerAdvice beans: 0 @ModelAttribute, 0 @InitBinder, 1 RequestBodyAdvice, 1 ResponseBodyAdvice
2025-11-07T00:05:48.401+05:30 DEBUG 12092 --- [Pharmacy] [restartedMain] .m.m.a.ExceptionHandlerExceptionResolver : ControllerAdvice beans: 0 @ExceptionHandler, 1 ResponseBodyAdvice
2025-11-07T00:05:48.699+05:30  INFO 12092 --- [Pharmacy] [restartedMain] o.s.b.d.a.OptionalLiveReloadServer       : LiveReload server is running on port 35729
2025-11-07T00:05:48.783+05:30  INFO 12092 --- [Pharmacy] [restartedMain] o.s.b.w.embedded.tomcat.TomcatWebServer  : Tomcat started on port 8083 (http) with context path '/'
2025-11-07T00:05:48.807+05:30  INFO 12092 --- [Pharmacy] [restartedMain] com.gn.pharmacy.PharmacyApplication      : Started PharmacyApplication in 20.958 seconds (process running for 22.154)
2025-11-07T00:06:10.455+05:30  INFO 12092 --- [Pharmacy] [http-nio-8083-exec-1] o.a.c.c.C.[Tomcat].[localhost].[/]       : Initializing Spring DispatcherServlet 'dispatcherServlet'
2025-11-07T00:06:10.455+05:30  INFO 12092 --- [Pharmacy] [http-nio-8083-exec-1] o.s.web.servlet.DispatcherServlet        : Initializing Servlet 'dispatcherServlet'
2025-11-07T00:06:10.456+05:30 DEBUG 12092 --- [Pharmacy] [http-nio-8083-exec-1] o.s.web.servlet.DispatcherServlet        : Detected StandardServletMultipartResolver
2025-11-07T00:06:10.457+05:30 DEBUG 12092 --- [Pharmacy] [http-nio-8083-exec-1] o.s.web.servlet.DispatcherServlet        : Detected AcceptHeaderLocaleResolver
2025-11-07T00:06:10.460+05:30 DEBUG 12092 --- [Pharmacy] [http-nio-8083-exec-1] o.s.web.servlet.DispatcherServlet        : Detected FixedThemeResolver
2025-11-07T00:06:10.460+05:30 DEBUG 12092 --- [Pharmacy] [http-nio-8083-exec-1] o.s.web.servlet.DispatcherServlet        : Detected org.springframework.web.servlet.view.DefaultRequestToViewNameTranslator@179b0496
2025-11-07T00:06:10.461+05:30 DEBUG 12092 --- [Pharmacy] [http-nio-8083-exec-1] o.s.web.servlet.DispatcherServlet        : Detected org.springframework.web.servlet.support.SessionFlashMapManager@79b696ca
2025-11-07T00:06:10.462+05:30 DEBUG 12092 --- [Pharmacy] [http-nio-8083-exec-1] o.s.web.servlet.DispatcherServlet        : enableLoggingRequestDetails='false': request parameters and headers will be masked to prevent unsafe logging of potentially sensitive data
2025-11-07T00:06:10.463+05:30  INFO 12092 --- [Pharmacy] [http-nio-8083-exec-1] o.s.web.servlet.DispatcherServlet        : Completed initialization in 7 ms
2025-11-07T00:06:10.481+05:30 DEBUG 12092 --- [Pharmacy] [http-nio-8083-exec-1] o.s.web.servlet.DispatcherServlet        : GET "/api/products/get-product/1", parameters={}
2025-11-07T00:06:10.508+05:30 DEBUG 12092 --- [Pharmacy] [http-nio-8083-exec-1] s.w.s.m.m.a.RequestMappingHandlerMapping : Mapped to com.gn.pharmacy.controller.ProductController#getProduct(Long)
2025-11-07T00:06:10.553+05:30  INFO 12092 --- [Pharmacy] [http-nio-8083-exec-1] c.g.p.controller.ProductController       : Request received to get product by ID: 1
2025-11-07T00:06:10.816+05:30  INFO 12092 --- [Pharmacy] [http-nio-8083-exec-1] c.g.p.controller.ProductController       : Product retrieved successfully with ID: 1
2025-11-07T00:06:11.018+05:30 DEBUG 12092 --- [Pharmacy] [http-nio-8083-exec-1] o.s.w.s.m.m.a.HttpEntityMethodProcessor  : Using 'application/json', given [*/*] and supported [application/json, application/*+json]
2025-11-07T00:06:11.022+05:30 DEBUG 12092 --- [Pharmacy] [http-nio-8083-exec-1] o.s.w.s.m.m.a.HttpEntityMethodProcessor  : Writing [com.gn.pharmacy.dto.response.ProductResponseDto@2b84eb0e]
2025-11-07T00:06:11.256+05:30 DEBUG 12092 --- [Pharmacy] [http-nio-8083-exec-1] o.s.web.servlet.DispatcherServlet        : Completed 200 OK
2025-11-07T00:06:50.146+05:30 DEBUG 12092 --- [Pharmacy] [http-nio-8083-exec-6] o.s.web.servlet.DispatcherServlet        : GET "/api/products/get-product/15", parameters={}
2025-11-07T00:06:50.150+05:30 DEBUG 12092 --- [Pharmacy] [http-nio-8083-exec-6] s.w.s.m.m.a.RequestMappingHandlerMapping : Mapped to com.gn.pharmacy.controller.ProductController#getProduct(Long)
2025-11-07T00:06:50.153+05:30  INFO 12092 --- [Pharmacy] [http-nio-8083-exec-6] c.g.p.controller.ProductController       : Request received to get product by ID: 15
2025-11-07T00:06:50.182+05:30  INFO 12092 --- [Pharmacy] [http-nio-8083-exec-6] c.g.p.controller.ProductController       : Product retrieved successfully with ID: 15
2025-11-07T00:06:50.184+05:30 DEBUG 12092 --- [Pharmacy] [http-nio-8083-exec-6] o.s.w.s.m.m.a.HttpEntityMethodProcessor  : Using 'application/json', given [*/*] and supported [application/json, application/*+json]
2025-11-07T00:06:50.186+05:30 DEBUG 12092 --- [Pharmacy] [http-nio-8083-exec-6] o.s.w.s.m.m.a.HttpEntityMethodProcessor  : Writing [com.gn.pharmacy.dto.response.ProductResponseDto@6bbda198]
2025-11-07T00:06:50.218+05:30 DEBUG 12092 --- [Pharmacy] [http-nio-8083-exec-6] o.s.web.servlet.DispatcherServlet        : Completed 200 OK
2025-11-07T00:08:54.412+05:30  INFO 12092 --- [Pharmacy] [SpringApplicationShutdownHook] o.s.b.w.e.tomcat.GracefulShutdown        : Commencing graceful shutdown. Waiting for active requests to complete
2025-11-07T00:08:54.432+05:30  INFO 12092 --- [Pharmacy] [tomcat-shutdown] o.s.b.w.e.tomcat.GracefulShutdown        : Graceful shutdown complete
2025-11-07T00:08:54.451+05:30  INFO 12092 --- [Pharmacy] [SpringApplicationShutdownHook] j.LocalContainerEntityManagerFactoryBean : Closing JPA EntityManagerFactory for persistence unit 'default'
2025-11-07T00:08:54.475+05:30  INFO 12092 --- [Pharmacy] [SpringApplicationShutdownHook] com.zaxxer.hikari.HikariDataSource       : HikariPool-1 - Shutdown initiated...
2025-11-07T00:08:54.517+05:30  INFO 12092 --- [Pharmacy] [SpringApplicationShutdownHook] com.zaxxer.hikari.HikariDataSource       : HikariPool-1 - Shutdown completed.
